2023-09-13 15:15:11,123 - main - INFO - closing motor connection.
2023-09-13 15:17:13,215 - main - INFO - X moved one step. direction:-1.0. current position: 0.0.
2023-09-13 15:17:13,872 - main - INFO - X moved one step. direction:-1.0. current position: 0.0.
2023-09-13 15:17:14,095 - main - INFO - X moved one step. direction:-1.0. current position: 0.0.
2023-09-13 15:17:14,264 - main - INFO - X moved one step. direction:-1.0. current position: 0.0.
2023-09-13 15:17:15,199 - main - INFO - X moved one step. direction:1.0. current position: 0.0.
2023-09-13 15:17:15,384 - main - INFO - X moved one step. direction:1.0. current position: 0.0.
2023-09-13 15:17:15,559 - main - INFO - X moved one step. direction:1.0. current position: 0.0.
2023-09-13 15:17:15,728 - main - INFO - X moved one step. direction:1.0. current position: 0.0.
2023-09-13 15:17:15,999 - main - INFO - X moved one step. direction:1.0. current position: 0.0.
2023-09-13 15:17:16,192 - main - INFO - X moved one step. direction:1.0. current position: 0.0.
2023-09-13 15:17:16,656 - main - INFO - X moved one step. direction:1.0. current position: 0.0.
2023-09-13 15:17:17,024 - main - INFO - X moved one step. direction:1.0. current position: 0.0.
2023-09-13 15:17:17,431 - main - INFO - X moved one step. direction:-1.0. current position: 0.0.
2023-09-13 15:17:17,608 - main - INFO - X moved one step. direction:-1.0. current position: 0.0.
2023-09-13 15:17:17,784 - main - INFO - X moved one step. direction:-1.0. current position: 0.0.
2023-09-13 15:17:20,408 - main - INFO - X moved one step. direction:-1.0. current position: 0.0.
2023-09-13 15:17:20,967 - main - INFO - X moved one step. direction:-1.0. current position: 0.0.
2023-09-13 15:17:21,184 - main - INFO - X moved one step. direction:-1.0. current position: 0.0.
2023-09-13 15:17:21,823 - main - INFO - Y moved one step. direction:-1.0. current position: 0.0.
2023-09-13 15:17:21,983 - main - INFO - Y moved one step. direction:-1.0. current position: 0.0.
2023-09-13 15:17:22,295 - main - INFO - Y moved one step. direction:1.0. current position: 0.0.
2023-09-13 15:17:22,440 - main - INFO - Y moved one step. direction:1.0. current position: 0.0.
2023-09-13 15:17:30,907 - main - INFO - closing motor connection.
2023-09-13 15:18:01,072 - main - INFO - X moved one step. direction:1.0. current position: 0.0.
2023-09-13 15:18:01,544 - main - INFO - X moved one step. direction:-1.0. current position: 0.0.
2023-09-13 15:18:01,736 - main - INFO - X moved one step. direction:-1.0. current position: 0.0.
2023-09-13 15:18:01,904 - main - INFO - X moved one step. direction:-1.0. current position: 0.0.
2023-09-13 15:18:02,215 - main - INFO - Y moved one step. direction:-1.0. current position: 0.0.
2023-09-13 15:18:02,392 - main - INFO - Y moved one step. direction:-1.0. current position: 0.0.
2023-09-13 15:18:02,584 - main - INFO - Y moved one step. direction:-1.0. current position: 0.0.
2023-09-13 15:18:02,984 - main - INFO - Z moved one step. direction:-1.0. current position: 0.0.
2023-09-13 15:18:03,168 - main - INFO - Z moved one step. direction:-1.0. current position: 0.0.
2023-09-13 15:18:03,344 - main - INFO - Z moved one step. direction:-1.0. current position: 0.0.
2023-09-13 15:18:04,467 - main - INFO - closing motor connection.
2023-09-13 15:18:38,807 - main - INFO - X moved one step. direction:1.0. current position: 0.0.
2023-09-13 15:18:39,016 - main - INFO - X moved one step. direction:1.0. current position: 0.0.
2023-09-13 15:18:39,199 - main - INFO - X moved one step. direction:1.0. current position: 0.0.
2023-09-13 15:18:41,188 - main - INFO - closing motor connection.
2023-09-13 15:19:04,603 - main - INFO - closing motor connection.
2023-09-13 15:19:23,684 - main - INFO - closing motor connection.
2023-09-13 15:20:07,932 - main - INFO - closing motor connection.
2023-09-13 15:20:16,576 - main - INFO - X moved one step. direction:1.0. current position: 0.0.
2023-09-13 15:20:16,744 - main - INFO - X moved one step. direction:1.0. current position: 0.1.
2023-09-13 15:20:16,920 - main - INFO - X moved one step. direction:1.0. current position: 0.2.
2023-09-13 15:20:17,632 - main - INFO - X moved one step. direction:-1.0. current position: 0.3.
2023-09-13 15:20:17,791 - main - INFO - X moved one step. direction:-1.0. current position: 0.2.
2023-09-13 15:20:17,952 - main - INFO - X moved one step. direction:-1.0. current position: 0.1.
2023-09-13 15:20:18,088 - main - INFO - X moved one step. direction:-1.0. current position: 0.0.
2023-09-13 15:20:18,942 - main - INFO - closing motor connection.
2023-09-13 15:21:00,120 - main - INFO - X moved one step. direction:1.0. current position: 0.0.
2023-09-13 15:21:00,264 - main - INFO - X moved one step. direction:1.0. current position: 0.1.
2023-09-13 15:21:01,008 - main - INFO - X moved one step. direction:-1.0. current position: 0.2.
2023-09-13 15:21:01,168 - main - INFO - X moved one step. direction:-1.0. current position: 0.1.
2023-09-13 15:21:01,320 - main - INFO - X moved one step. direction:-1.0. current position: 0.0.
2023-09-13 15:21:01,461 - main - INFO - X moved one step. direction:-1.0. current position: -0.1.
2023-09-13 15:21:08,392 - main - INFO - X moved one step. direction:-1.0. current position: -0.2.
2023-09-13 15:21:08,543 - main - INFO - X moved one step. direction:-1.0. current position: -0.3.
2023-09-13 15:21:08,727 - main - INFO - X moved one step. direction:-1.0. current position: -0.4.
2023-09-13 15:21:09,072 - main - INFO - X moved one step. direction:-1.0. current position: -0.5.
2023-09-13 15:21:09,248 - main - INFO - X moved one step. direction:-1.0. current position: -0.6.
2023-09-13 15:21:09,415 - main - INFO - X moved one step. direction:-1.0. current position: -0.7.
2023-09-13 15:21:09,592 - main - INFO - X moved one step. direction:-1.0. current position: -0.8.
2023-09-13 15:21:09,768 - main - INFO - X moved one step. direction:-1.0. current position: -0.9.
2023-09-13 15:21:10,279 - main - INFO - Y moved one step. direction:-1.0. current position: 0.0.
2023-09-13 15:21:10,431 - main - INFO - Y moved one step. direction:-1.0. current position: 0.0.
2023-09-13 15:21:10,615 - main - INFO - Y moved one step. direction:-1.0. current position: 0.0.
2023-09-13 15:21:10,792 - main - INFO - Y moved one step. direction:-1.0. current position: 0.0.
2023-09-13 15:21:10,968 - main - INFO - Y moved one step. direction:-1.0. current position: 0.0.
2023-09-13 15:21:11,135 - main - INFO - Y moved one step. direction:-1.0. current position: 0.0.
2023-09-13 15:21:11,319 - main - INFO - Y moved one step. direction:-1.0. current position: 0.0.
2023-09-13 15:21:13,063 - main - INFO - Y moved one step. direction:1.0. current position: 0.0.
2023-09-13 15:21:13,223 - main - INFO - Y moved one step. direction:1.0. current position: 0.0.
2023-09-13 15:21:13,384 - main - INFO - Y moved one step. direction:1.0. current position: 0.0.
2023-09-13 15:21:13,935 - main - INFO - Y moved one step. direction:-1.0. current position: 0.0.
2023-09-13 15:21:14,104 - main - INFO - Y moved one step. direction:-1.0. current position: 0.0.
2023-09-13 15:21:14,272 - main - INFO - Y moved one step. direction:-1.0. current position: 0.0.
2023-09-13 15:21:14,439 - main - INFO - Y moved one step. direction:-1.0. current position: 0.0.
2023-09-13 15:21:16,271 - main - INFO - Y moved one step. direction:-1.0. current position: 0.0.
2023-09-13 15:21:16,463 - main - INFO - Y moved one step. direction:-1.0. current position: 0.0.
2023-09-13 15:21:16,656 - main - INFO - Y moved one step. direction:-1.0. current position: 0.0.
2023-09-13 15:21:18,592 - main - INFO - Y moved one step. direction:-1.0. current position: 0.0.
2023-09-13 15:21:18,752 - main - INFO - Y moved one step. direction:-1.0. current position: 0.0.
2023-09-13 15:21:18,920 - main - INFO - Y moved one step. direction:-1.0. current position: 0.0.
2023-09-13 15:21:19,592 - main - INFO - Y moved one step. direction:-1.0. current position: 0.0.
2023-09-13 15:21:19,752 - main - INFO - Y moved one step. direction:-1.0. current position: 0.0.
2023-09-13 15:21:19,936 - main - INFO - Y moved one step. direction:-1.0. current position: 0.0.
2023-09-13 15:21:22,040 - main - INFO - X moved one step. direction:-1.0. current position: -0.9.
2023-09-13 15:21:22,320 - main - INFO - X moved one step. direction:-1.0. current position: -0.9.
2023-09-13 15:21:22,519 - main - INFO - X moved one step. direction:-1.0. current position: -0.9.
2023-09-13 15:21:22,720 - main - INFO - X moved one step. direction:-1.0. current position: -0.9.
2023-09-13 15:21:23,112 - main - INFO - X moved one step. direction:-1.0. current position: -0.9.
2023-09-13 15:21:23,608 - main - INFO - X moved one step. direction:-1.0. current position: -0.9.
2023-09-13 15:21:23,808 - main - INFO - X moved one step. direction:-1.0. current position: -0.9.
2023-09-13 15:21:24,088 - main - INFO - X moved one step. direction:-1.0. current position: -0.9.
2023-09-13 15:21:24,407 - main - INFO - X moved one step. direction:-1.0. current position: -0.9.
2023-09-13 15:21:24,736 - main - INFO - X moved one step. direction:-1.0. current position: -0.9.
2023-09-13 15:21:25,232 - main - INFO - X moved one step. direction:1.0. current position: -0.9.
2023-09-13 15:21:25,383 - main - INFO - X moved one step. direction:1.0. current position: -0.9.
2023-09-13 15:23:04,252 - main - INFO - closing motor connection.
2023-09-13 15:23:27,192 - main - INFO - X moved one step. direction:1.0. current position: 0.0.
2023-09-13 15:23:27,359 - main - INFO - X moved one step. direction:1.0. current position: 0.1.
2023-09-13 15:23:27,816 - main - INFO - Y moved one step. direction:1.0. current position: 0.0.
2023-09-13 15:23:27,984 - main - INFO - Y moved one step. direction:1.0. current position: 0.1.
2023-09-13 15:23:28,136 - main - INFO - Y moved one step. direction:1.0. current position: 0.2.
2023-09-13 15:23:28,655 - main - INFO - Y moved one step. direction:-1.0. current position: 0.3.
2023-09-13 15:23:28,816 - main - INFO - Y moved one step. direction:-1.0. current position: 0.2.
2023-09-13 15:23:28,991 - main - INFO - Y moved one step. direction:-1.0. current position: 0.1.
2023-09-13 15:23:31,615 - main - INFO - X moved one step. direction:1.0. current position: 0.2.
2023-09-13 15:23:32,316 - main - INFO - X moved one step. direction:1.0. current position: 0.3.
2023-09-13 15:23:32,534 - main - INFO - X moved one step. direction:1.0. current position: 0.4.
2023-09-13 15:23:37,033 - main - INFO - X moved one step. direction:1.0. current position: 0.5.
2023-09-13 15:23:37,232 - main - INFO - X moved one step. direction:1.0. current position: 0.6.
2023-09-13 15:23:37,399 - main - INFO - X moved one step. direction:1.0. current position: 0.7.
2023-09-13 15:23:37,592 - main - INFO - X moved one step. direction:1.0. current position: 0.8.
2023-09-13 15:23:37,784 - main - INFO - X moved one step. direction:1.0. current position: 0.9.
2023-09-13 15:23:38,414 - main - INFO - X moved one step. direction:1.0. current position: 1.0.
2023-09-13 15:23:44,014 - main - INFO - closing motor connection.
2023-09-13 15:24:11,024 - main - INFO - X moved one step. direction:-1.0. current position: 0.0.
2023-09-13 15:24:14,280 - main - INFO - X moved one step. direction:-1.0. current position: -0.1.
2023-09-13 15:24:14,864 - main - INFO - X moved one step. direction:-1.0. current position: -0.2.
2023-09-13 15:24:15,275 - main - INFO - X moved one step. direction:-1.0. current position: -0.3.
2023-09-13 15:24:16,416 - main - INFO - R moved one step. direction:-1.0. current position: 0.0.
2023-09-13 15:24:17,255 - main - INFO - R moved one step. direction:-1.0. current position: -0.5.
2023-09-13 15:24:19,616 - main - INFO - R moved one step. direction:-1.0. current position: -1.0.
2023-09-13 15:24:19,800 - main - INFO - R moved one step. direction:-1.0. current position: -1.5.
2023-09-13 15:24:19,976 - main - INFO - R moved one step. direction:-1.0. current position: -2.0.
2023-09-13 15:24:20,160 - main - INFO - R moved one step. direction:-1.0. current position: -2.5.
2023-09-13 15:24:20,344 - main - INFO - R moved one step. direction:-1.0. current position: -3.0.
2023-09-13 15:24:21,368 - main - INFO - X moved one step. direction:-1.0. current position: -0.4.
2023-09-13 15:24:21,528 - main - INFO - X moved one step. direction:-1.0. current position: -0.5.
2023-09-13 15:24:21,688 - main - INFO - X moved one step. direction:-1.0. current position: -0.6.
2023-09-13 15:24:22,152 - main - INFO - Y moved one step. direction:-1.0. current position: 0.0.
2023-09-13 15:24:22,320 - main - INFO - Y moved one step. direction:-1.0. current position: -0.1.
2023-09-13 15:24:22,480 - main - INFO - Y moved one step. direction:-1.0. current position: -0.2.
2023-09-13 15:24:22,640 - main - INFO - Y moved one step. direction:-1.0. current position: -0.3.
2023-09-13 15:24:22,800 - main - INFO - Y moved one step. direction:-1.0. current position: -0.4.
2023-09-13 15:24:23,263 - main - INFO - Y moved one step. direction:-1.0. current position: -0.5.
2023-09-13 15:24:23,432 - main - INFO - Y moved one step. direction:-1.0. current position: -0.6.
2023-09-13 15:24:23,792 - main - INFO - Y moved one step. direction:1.0. current position: -0.7.
2023-09-13 15:24:24,000 - main - INFO - Y moved one step. direction:1.0. current position: -0.6.
2023-09-13 15:24:24,160 - main - INFO - Y moved one step. direction:1.0. current position: -0.5.
2023-09-13 15:24:24,495 - main - INFO - Z moved one step. direction:1.0. current position: 0.0.
2023-09-13 15:24:24,496 - main - INFO - Z Out of range:0.1 of (-165, 0) 
2023-09-13 15:24:24,672 - main - INFO - Z moved one step. direction:1.0. current position: 0.0.
2023-09-13 15:24:24,672 - main - INFO - Z Out of range:0.1 of (-165, 0) 
2023-09-13 15:24:24,856 - main - INFO - Z moved one step. direction:1.0. current position: 0.0.
2023-09-13 15:24:24,857 - main - INFO - Z Out of range:0.1 of (-165, 0) 
2023-09-13 15:24:25,057 - main - INFO - Z moved one step. direction:1.0. current position: 0.0.
2023-09-13 15:24:25,058 - main - INFO - Z Out of range:0.1 of (-165, 0) 
2023-09-13 15:24:25,696 - main - INFO - Z moved one step. direction:-1.0. current position: 0.0.
2023-09-13 15:24:25,864 - main - INFO - Z moved one step. direction:-1.0. current position: -0.1.
2023-09-13 15:24:42,708 - main - INFO - closing motor connection.
2023-09-13 15:25:41,339 - main - INFO - closing motor connection.
2023-09-13 15:25:54,256 - main - INFO - X moved one step. direction:-1.0. current position: 0.0.
2023-09-13 15:26:06,000 - main - INFO - X moved one step. direction:-1.0. current position: -0.1.
2023-09-13 15:26:07,168 - main - INFO - X moved one step. direction:-1.0. current position: -0.2.
2023-09-13 15:26:07,672 - main - INFO - X moved one step. direction:-1.0. current position: -0.3.
2023-09-13 15:26:09,144 - main - INFO - Y moved one step. direction:-1.0. current position: 0.0.
2023-09-13 15:26:13,420 - main - INFO - closing motor connection.
2023-09-14 17:05:38,473 - main - INFO - X Out of range: 4.0 of (-10, 3) 
2023-09-14 17:06:21,693 - main - INFO - closing motor connection.
